<?xml version="1.0" encoding="UTF-8" standalone="yes"?>
<testsuites time="105.864" tests="1" failures="0" errors="1">
    <testsuite name="GraphWalker" tests="1" failures="0" errors="1" time="105.864" timestamp="2025-01-05T21:38:53">
        <properties>
[...]
</properties>
        <testcase name="MainTest" time="105.864" classname="com.example.MainTest">
            <error type="org.openqa.selenium.NoSuchElementException" message="An element could not be located on the page using the given search parameters.&#10;For documentation on this error, please visit: https://www.selenium.dev/documentation/webdriver/troubleshooting/errors#no-such-element-exception&#10;Build info: version: '4.25.0', revision: '8a8aea2337'&#10;System info: os.name: 'Windows 10', os.arch: 'amd64', os.version: '10.0', java.version: '21.0.4'&#10;Driver info: io.appium.java_client.android.AndroidDriver&#10;Command: [24f9ef31-9732-440f-890d-42540d0c84c2, findElement {using=xpath, value=//android.widget.TextView[@text=&quot;Notepad&quot;]}]&#10;Capabilities {appium:app: Documents/GitHub/pilot-appi..., appium:appActivity: com.farmerbb.notepad.androi..., appium:appPackage: com.farmerbb.notepad, appium:automationName: uiautomator2, appium:databaseEnabled: false, appium:desired: {app: Documents/GitHub/pilot-appi..., appActivity: com.farmerbb.notepad.androi..., appPackage: com.farmerbb.notepad, automationName: uiautomator2, deviceName: moto g(20), noReset: false, platformName: ANDROID, platformVersion: 11, udid: 0076732961}, appium:deviceApiLevel: 30, appium:deviceManufacturer: motorola, appium:deviceModel: moto g(20), appium:deviceName: 0076732961, appium:deviceScreenDensity: 280, appium:deviceScreenSize: 720x1600, appium:deviceUDID: 0076732961, appium:javascriptEnabled: true, appium:locationContextEnabled: false, appium:networkConnectionEnabled: true, appium:noReset: false, appium:pixelRatio: 1.75, appium:platformVersion: 11, appium:statBarHeight: 50, appium:takesScreenshot: true, appium:udid: 0076732961, appium:viewportRect: {height: 1550, left: 0, top: 50, width: 720}, appium:warnings: {}, appium:webStorageEnabled: false, platformName: ANDROID}&#10;Session ID: 24f9ef31-9732-440f-890d-42540d0c84c2">
                org.openqa.selenium.NoSuchElementException: An element could not be located on the page using the given search parameters.
                For documentation on this error, please visit: https://www.selenium.dev/documentation/webdriver/troubleshooting/errors#no-such-element-exception
                Build info: version: '4.25.0', revision: '8a8aea2337'
                System info: os.name: 'Windows 10', os.arch: 'amd64', os.version: '10.0', java.version: '21.0.4'
                Driver info: io.appium.java_client.android.AndroidDriver
                Command: [24f9ef31-9732-440f-890d-42540d0c84c2, findElement {using=xpath, value=//android.widget.TextView[@text="Notepad"]}]
                Capabilities {appium:app: Documents/GitHub/pilot-appi..., appium:appActivity: com.farmerbb.notepad.androi..., appium:appPackage: com.farmerbb.notepad, appium:automationName: uiautomator2, appium:databaseEnabled: false, appium:desired: {app: Documents/GitHub/pilot-appi..., appActivity: com.farmerbb.notepad.androi..., appPackage: com.farmerbb.notepad, automationName: uiautomator2, deviceName: moto g(20), noReset: false, platformName: ANDROID, platformVersion: 11, udid: 0076732961}, appium:deviceApiLevel: 30, appium:deviceManufacturer: motorola, appium:deviceModel: moto g(20), appium:deviceName: 0076732961, appium:deviceScreenDensity: 280, appium:deviceScreenSize: 720x1600, appium:deviceUDID: 0076732961, appium:javascriptEnabled: true, appium:locationContextEnabled: false, appium:networkConnectionEnabled: true, appium:noReset: false, appium:pixelRatio: 1.75, appium:platformVersion: 11, appium:statBarHeight: 50, appium:takesScreenshot: true, appium:udid: 0076732961, appium:viewportRect: {height: 1550, left: 0, top: 50, width: 720}, appium:warnings: {}, appium:webStorageEnabled: false, platformName: ANDROID}
                Session ID: 24f9ef31-9732-440f-890d-42540d0c84c2&#13;
                	at java.base/jdk.internal.reflect.DirectConstructorHandleAccessor.newInstance(DirectConstructorHandleAccessor.java:62)&#13;
                	at java.base/java.lang.reflect.Constructor.newInstanceWithCaller(Constructor.java:502)&#13;
                	at java.base/java.lang.reflect.Constructor.newInstance(Constructor.java:486)&#13;
                	at org.openqa.selenium.remote.ErrorCodec.decode(ErrorCodec.java:167)&#13;
                	at org.openqa.selenium.remote.codec.w3c.W3CHttpResponseCodec.decode(W3CHttpResponseCodec.java:138)&#13;
                	at org.openqa.selenium.remote.codec.w3c.W3CHttpResponseCodec.decode(W3CHttpResponseCodec.java:50)&#13;
                	at org.openqa.selenium.remote.HttpCommandExecutor.execute(HttpCommandExecutor.java:190)&#13;
                	at io.appium.java_client.remote.AppiumCommandExecutor.execute(AppiumCommandExecutor.java:237)&#13;
                	at org.openqa.selenium.remote.RemoteWebDriver.execute(RemoteWebDriver.java:545)&#13;
                	at org.openqa.selenium.remote.ElementLocation$ElementFinder$2.findElement(ElementLocation.java:165)&#13;
                	at org.openqa.selenium.remote.ElementLocation.findElement(ElementLocation.java:59)&#13;
                	at org.openqa.selenium.remote.RemoteWebDriver.findElement(RemoteWebDriver.java:368)&#13;
                	at org.openqa.selenium.remote.RemoteWebDriver.findElement(RemoteWebDriver.java:362)&#13;
                	at com.example.po.OpenPage.&lt;init&gt;(OpenPage.java:24)&#13;
                	at com.example.MainTest.e_GoBackFromCreation(MainTest.java:112)&#13;
                	at java.base/jdk.internal.reflect.DirectMethodHandleAccessor.invoke(DirectMethodHandleAccessor.java:103)&#13;
                	at java.base/java.lang.reflect.Method.invoke(Method.java:580)&#13;
                	at org.graphwalker.core.machine.ExecutionContext.execute(ExecutionContext.java:277)&#13;
                	at org.graphwalker.core.machine.SimpleMachine.execute(SimpleMachine.java:283)&#13;
                	at org.graphwalker.core.machine.SimpleMachine.getNextStep(SimpleMachine.java:106)&#13;
                	at org.graphwalker.java.test.TestExecutor.execute(TestExecutor.java:241)&#13;
                	at java.base/jdk.internal.reflect.DirectMethodHandleAccessor.invoke(DirectMethodHandleAccessor.java:103)&#13;
                	at java.base/java.lang.reflect.Method.invoke(Method.java:580)&#13;
                	at org.graphwalker.java.test.Reflections.invoke(Reflections.java:74)&#13;
                	at org.graphwalker.java.test.Reflector.execute(Reflector.java:123)&#13;
                	at org.graphwalker.maven.plugin.TestMojo.execute(TestMojo.java:154)&#13;
                	at org.apache.maven.plugin.DefaultBuildPluginManager.executeMojo(DefaultBuildPluginManager.java:126)&#13;
                	at org.apache.maven.lifecycle.internal.MojoExecutor.doExecute2(MojoExecutor.java:328)&#13;
                	at org.apache.maven.lifecycle.internal.MojoExecutor.doExecute(MojoExecutor.java:316)&#13;
                	at org.apache.maven.lifecycle.internal.MojoExecutor.execute(MojoExecutor.java:212)&#13;
                	at org.apache.maven.lifecycle.internal.MojoExecutor.execute(MojoExecutor.java:174)&#13;
                	at org.apache.maven.lifecycle.internal.MojoExecutor.access$000(MojoExecutor.java:75)&#13;
                	at org.apache.maven.lifecycle.internal.MojoExecutor$1.run(MojoExecutor.java:162)&#13;
                	at org.apache.maven.plugin.DefaultMojosExecutionStrategy.execute(DefaultMojosExecutionStrategy.java:39)&#13;
                	at org.apache.maven.lifecycle.internal.MojoExecutor.execute(MojoExecutor.java:159)&#13;
                	at org.apache.maven.lifecycle.internal.LifecycleModuleBuilder.buildProject(LifecycleModuleBuilder.java:105)&#13;
                	at org.apache.maven.lifecycle.internal.LifecycleModuleBuilder.buildProject(LifecycleModuleBuilder.java:73)&#13;
                	at org.apache.maven.lifecycle.internal.builder.singlethreaded.SingleThreadedBuilder.build(SingleThreadedBuilder.java:53)&#13;
                	at org.apache.maven.lifecycle.internal.LifecycleStarter.execute(LifecycleStarter.java:118)&#13;
                	at org.apache.maven.DefaultMaven.doExecute(DefaultMaven.java:261)&#13;
                	at org.apache.maven.DefaultMaven.doExecute(DefaultMaven.java:173)&#13;
                	at org.apache.maven.DefaultMaven.execute(DefaultMaven.java:101)&#13;
                	at org.apache.maven.cli.MavenCli.execute(MavenCli.java:903)&#13;
                	at org.apache.maven.cli.MavenCli.doMain(MavenCli.java:280)&#13;
                	at org.apache.maven.cli.MavenCli.main(MavenCli.java:203)&#13;
                	at java.base/jdk.internal.reflect.DirectMethodHandleAccessor.invoke(DirectMethodHandleAccessor.java:103)&#13;
                	at java.base/java.lang.reflect.Method.invoke(Method.java:580)&#13;
                	at org.codehaus.plexus.classworlds.launcher.Launcher.launchEnhanced(Launcher.java:255)&#13;
                	at org.codehaus.plexus.classworlds.launcher.Launcher.launch(Launcher.java:201)&#13;
                	at org.codehaus.plexus.classworlds.launcher.Launcher.mainWithExitCode(Launcher.java:361)&#13;
                	at org.codehaus.plexus.classworlds.launcher.Launcher.main(Launcher.java:314)&#13;
</error>
        </testcase>
    </testsuite>
</testsuites>
