<?xml version="1.0" encoding="UTF-8" standalone="yes"?>
<testsuites time="0.0" tests="1" failures="0" errors="1">
    <testsuite name="GraphWalker" tests="1" failures="0" errors="1" time="0.0" timestamp="2024-11-26T14:31:12">
        <properties>
[...]
</properties>
        <testcase name="MainTest" time="0.0" classname="com.example.MainTest">
            <error type="java.lang.NullPointerException" message="Cannot invoke &quot;io.appium.java_client.android.AndroidDriver.findElement(org.openqa.selenium.By)&quot; because &quot;this.driver&quot; is null">
                java.lang.NullPointerException: Cannot invoke "io.appium.java_client.android.AndroidDriver.findElement(org.openqa.selenium.By)" because "this.driver" is null
                	at com.example.MainTest.v_Start(MainTest.java:30)
                	at java.base/jdk.internal.reflect.DirectMethodHandleAccessor.invoke(DirectMethodHandleAccessor.java:103)
                	at java.base/java.lang.reflect.Method.invoke(Method.java:580)
                	at org.graphwalker.core.machine.ExecutionContext.execute(ExecutionContext.java:277)
                	at org.graphwalker.core.machine.SimpleMachine.execute(SimpleMachine.java:283)
                	at org.graphwalker.core.machine.SimpleMachine.getNextStep(SimpleMachine.java:106)
                	at org.graphwalker.java.test.TestExecutor.execute(TestExecutor.java:241)
                	at java.base/jdk.internal.reflect.DirectMethodHandleAccessor.invoke(DirectMethodHandleAccessor.java:103)
                	at java.base/java.lang.reflect.Method.invoke(Method.java:580)
                	at org.graphwalker.java.test.Reflections.invoke(Reflections.java:74)
                	at org.graphwalker.java.test.Reflector.execute(Reflector.java:123)
                	at org.graphwalker.maven.plugin.TestMojo.execute(TestMojo.java:154)
                	at org.apache.maven.plugin.DefaultBuildPluginManager.executeMojo(DefaultBuildPluginManager.java:137)
                	at org.apache.maven.lifecycle.internal.MojoExecutor.doExecute2(MojoExecutor.java:370)
                	at org.apache.maven.lifecycle.internal.MojoExecutor.doExecute(MojoExecutor.java:351)
                	at org.apache.maven.lifecycle.internal.MojoExecutor.execute(MojoExecutor.java:215)
                	at org.apache.maven.lifecycle.internal.MojoExecutor.execute(MojoExecutor.java:171)
                	at org.apache.maven.lifecycle.internal.MojoExecutor.execute(MojoExecutor.java:163)
                	at org.apache.maven.lifecycle.internal.LifecycleModuleBuilder.buildProject(LifecycleModuleBuilder.java:117)
                	at org.apache.maven.lifecycle.internal.LifecycleModuleBuilder.buildProject(LifecycleModuleBuilder.java:81)
                	at org.apache.maven.lifecycle.internal.builder.singlethreaded.SingleThreadedBuilder.build(SingleThreadedBuilder.java:56)
                	at org.apache.maven.lifecycle.internal.LifecycleStarter.execute(LifecycleStarter.java:128)
                	at org.apache.maven.DefaultMaven.doExecute(DefaultMaven.java:298)
                	at org.apache.maven.DefaultMaven.doExecute(DefaultMaven.java:192)
                	at org.apache.maven.DefaultMaven.execute(DefaultMaven.java:105)
                	at org.apache.maven.cli.MavenCli.execute(MavenCli.java:960)
                	at org.apache.maven.cli.MavenCli.doMain(MavenCli.java:293)
                	at org.apache.maven.cli.MavenCli.main(MavenCli.java:196)
                	at java.base/jdk.internal.reflect.DirectMethodHandleAccessor.invoke(DirectMethodHandleAccessor.java:103)
                	at java.base/java.lang.reflect.Method.invoke(Method.java:580)
                	at org.codehaus.plexus.classworlds.launcher.Launcher.launchEnhanced(Launcher.java:283)
                	at org.codehaus.plexus.classworlds.launcher.Launcher.launch(Launcher.java:226)
                	at org.codehaus.plexus.classworlds.launcher.Launcher.mainWithExitCode(Launcher.java:407)
                	at org.codehaus.plexus.classworlds.launcher.Launcher.main(Launcher.java:348)
</error>
        </testcase>
    </testsuite>
</testsuites>
